<?xml version="1.0" encoding="UTF-8"?>
<coverage generated="1777712764982" clover="3.2.0">
  <project timestamp="1777712764982" name="All files">
    <metrics statements="14" coveredstatements="14" conditionals="1" coveredconditionals="1" methods="7" coveredmethods="7" elements="22" coveredelements="22" complexity="0" loc="14" ncloc="14" packages="1" files="1" classes="1"/>
    <file name="client.ts" path="C:\projects\frontend\rn-monorepo\packages\api\src\client.ts">
      <metrics statements="14" coveredstatements="14" conditionals="1" coveredconditionals="1" methods="7" coveredmethods="7"/>
      <line num="1" count="1" type="stmt"/>
      <line num="6" count="1" type="stmt"/>
      <line num="10" count="10" type="stmt"/>
      <line num="21" count="2" type="stmt"/>
      <line num="22" count="1" type="stmt"/>
      <line num="29" count="1" type="stmt"/>
      <line num="30" count="1" type="stmt"/>
      <line num="37" count="1" type="stmt"/>
      <line num="38" count="1" type="stmt"/>
      <line num="45" count="1" type="stmt"/>
      <line num="46" count="1" type="stmt"/>
      <line num="53" count="1" type="stmt"/>
      <line num="60" count="1" type="stmt"/>
      <line num="67" count="1" type="stmt"/>
    </file>
  </project>
</coverage>
