{"C:\\projects\\frontend\\rn-monorepo\\packages\\api\\src\\client.ts": {"path":"C:\\projects\\frontend\\rn-monorepo\\packages\\api\\src\\client.ts","statementMap":{"0":{"start":{"line":1,"column":0},"end":{"line":1,"column":65}},"1":{"start":{"line":10,"column":4},"end":{"line":14,"column":7}},"2":{"start":{"line":21,"column":21},"end":{"line":21,"column":58}},"3":{"start":{"line":22,"column":4},"end":{"line":22,"column":25}},"4":{"start":{"line":29,"column":21},"end":{"line":29,"column":65}},"5":{"start":{"line":30,"column":4},"end":{"line":30,"column":25}},"6":{"start":{"line":37,"column":21},"end":{"line":37,"column":64}},"7":{"start":{"line":38,"column":4},"end":{"line":38,"column":25}},"8":{"start":{"line":45,"column":21},"end":{"line":45,"column":61}},"9":{"start":{"line":46,"column":4},"end":{"line":46,"column":25}},"10":{"start":{"line":53,"column":4},"end":{"line":53,"column":77}},"11":{"start":{"line":60,"column":4},"end":{"line":60,"column":23}},"12":{"start":{"line":6,"column":0},"end":{"line":6,"column":13}},"13":{"start":{"line":67,"column":13},"end":{"line":67,"column":42}}},"fnMap":{"0":{"name":"(anonymous_1)","decl":{"start":{"line":9,"column":2},"end":{"line":9,"column":14}},"loc":{"start":{"line":9,"column":63},"end":{"line":15,"column":3}}},"1":{"name":"(anonymous_2)","decl":{"start":{"line":20,"column":2},"end":{"line":20,"column":7}},"loc":{"start":{"line":20,"column":61},"end":{"line":23,"column":3}}},"2":{"name":"(anonymous_3)","decl":{"start":{"line":28,"column":2},"end":{"line":28,"column":7}},"loc":{"start":{"line":28,"column":74},"end":{"line":31,"column":3}}},"3":{"name":"(anonymous_4)","decl":{"start":{"line":36,"column":2},"end":{"line":36,"column":7}},"loc":{"start":{"line":36,"column":73},"end":{"line":39,"column":3}}},"4":{"name":"(anonymous_5)","decl":{"start":{"line":44,"column":2},"end":{"line":44,"column":7}},"loc":{"start":{"line":44,"column":64},"end":{"line":47,"column":3}}},"5":{"name":"(anonymous_6)","decl":{"start":{"line":52,"column":2},"end":{"line":52,"column":14}},"loc":{"start":{"line":52,"column":28},"end":{"line":54,"column":3}}},"6":{"name":"(anonymous_7)","decl":{"start":{"line":59,"column":2},"end":{"line":59,"column":13}},"loc":{"start":{"line":59,"column":13},"end":{"line":61,"column":3}}}},"branchMap":{"0":{"loc":{"start":{"line":9,"column":14},"end":{"line":9,"column":34}},"type":"default-arg","locations":[{"start":{"line":9,"column":32},"end":{"line":9,"column":34}}]}},"s":{"0":1,"1":10,"2":2,"3":1,"4":1,"5":1,"6":1,"7":1,"8":1,"9":1,"10":1,"11":1,"12":1,"13":1},"f":{"0":10,"1":2,"2":1,"3":1,"4":1,"5":1,"6":1},"b":{"0":[1]}}
}
