{"C:\\projects\\frontend\\rn-monorepo\\packages\\common\\src\\components\\Button.tsx": {"path":"C:\\projects\\frontend\\rn-monorepo\\packages\\common\\src\\components\\Button.tsx","statementMap":{"0":{"start":{"line":1,"column":0},"end":{"line":1,"column":26}},"1":{"start":{"line":2,"column":0},"end":{"line":2,"column":88}},"2":{"start":{"line":3,"column":0},"end":{"line":3,"column":41}},"3":{"start":{"line":13,"column":45},"end":{"line":36,"column":1}},"4":{"start":{"line":20,"column":2},"end":{"line":35,"column":4}},"5":{"start":{"line":13,"column":13},"end":{"line":13,"column":45}},"6":{"start":{"line":38,"column":15},"end":{"line":62,"column":2}}},"fnMap":{"0":{"name":"(anonymous_1)","decl":{"start":{"line":13,"column":45},"end":{"line":13,"column":46}},"loc":{"start":{"line":19,"column":5},"end":{"line":36,"column":1}}}},"branchMap":{"0":{"loc":{"start":{"line":18,"column":2},"end":{"line":18,"column":21}},"type":"default-arg","locations":[{"start":{"line":18,"column":12},"end":{"line":18,"column":21}}]},"1":{"loc":{"start":{"line":22,"column":29},"end":{"line":22,"column":86}},"type":"cond-expr","locations":[{"start":{"line":22,"column":53},"end":{"line":22,"column":67}},{"start":{"line":22,"column":70},"end":{"line":22,"column":86}}]},"2":{"loc":{"start":{"line":28,"column":10},"end":{"line":28,"column":75}},"type":"cond-expr","locations":[{"start":{"line":28,"column":34},"end":{"line":28,"column":52}},{"start":{"line":28,"column":55},"end":{"line":28,"column":75}}]}},"s":{"0":1,"1":1,"2":1,"3":1,"4":33,"5":1,"6":1},"f":{"0":33},"b":{"0":[25],"1":[29,4],"2":[29,4]}}
,"C:\\projects\\frontend\\rn-monorepo\\packages\\common\\src\\theme\\colors.ts": {"path":"C:\\projects\\frontend\\rn-monorepo\\packages\\common\\src\\theme\\colors.ts","statementMap":{"0":{"start":{"line":6,"column":13},"end":{"line":17,"column":11}}},"fnMap":{},"branchMap":{},"s":{"0":2},"f":{},"b":{}}
,"C:\\projects\\frontend\\rn-monorepo\\packages\\common\\src\\utils\\helpers.ts": {"path":"C:\\projects\\frontend\\rn-monorepo\\packages\\common\\src\\utils\\helpers.ts","statementMap":{"0":{"start":{"line":5,"column":28},"end":{"line":7,"column":1}},"1":{"start":{"line":6,"column":2},"end":{"line":6,"column":34}},"2":{"start":{"line":5,"column":13},"end":{"line":5,"column":28}},"3":{"start":{"line":9,"column":27},"end":{"line":15,"column":1}},"4":{"start":{"line":10,"column":2},"end":{"line":14,"column":19}},"5":{"start":{"line":12,"column":19},"end":{"line":12,"column":26}},"6":{"start":{"line":9,"column":13},"end":{"line":9,"column":27}},"7":{"start":{"line":17,"column":21},"end":{"line":19,"column":1}},"8":{"start":{"line":18,"column":2},"end":{"line":18,"column":59}},"9":{"start":{"line":18,"column":34},"end":{"line":18,"column":57}},"10":{"start":{"line":17,"column":13},"end":{"line":17,"column":21}}},"fnMap":{"0":{"name":"(anonymous_0)","decl":{"start":{"line":5,"column":28},"end":{"line":5,"column":29}},"loc":{"start":{"line":5,"column":52},"end":{"line":7,"column":1}}},"1":{"name":"(anonymous_1)","decl":{"start":{"line":9,"column":27},"end":{"line":9,"column":28}},"loc":{"start":{"line":9,"column":52},"end":{"line":15,"column":1}}},"2":{"name":"(anonymous_2)","decl":{"start":{"line":12,"column":9},"end":{"line":12,"column":10}},"loc":{"start":{"line":12,"column":19},"end":{"line":12,"column":26}}},"3":{"name":"(anonymous_3)","decl":{"start":{"line":17,"column":21},"end":{"line":17,"column":22}},"loc":{"start":{"line":17,"column":51},"end":{"line":19,"column":1}}},"4":{"name":"(anonymous_4)","decl":{"start":{"line":18,"column":21},"end":{"line":18,"column":22}},"loc":{"start":{"line":18,"column":34},"end":{"line":18,"column":57}}}},"branchMap":{},"s":{"0":1,"1":4,"2":1,"3":1,"4":5,"5":17,"6":1,"7":1,"8":3,"9":3,"10":1},"f":{"0":4,"1":5,"2":17,"3":3,"4":3},"b":{}}
}
