TN:
SF:src\components\Button.tsx
FN:13,(anonymous_1)
FNF:1
FNH:1
FNDA:33,(anonymous_1)
DA:1,1
DA:2,1
DA:3,1
DA:13,1
DA:20,33
DA:38,1
LF:6
LH:6
BRDA:18,0,0,25
BRDA:22,1,0,29
BRDA:22,1,1,4
BRDA:28,2,0,29
BRDA:28,2,1,4
BRF:5
BRH:5
end_of_record
TN:
SF:src\theme\colors.ts
FNF:0
FNH:0
DA:6,2
LF:1
LH:1
BRF:0
BRH:0
end_of_record
TN:
SF:src\utils\helpers.ts
FN:5,(anonymous_0)
FN:9,(anonymous_1)
FN:12,(anonymous_2)
FN:17,(anonymous_3)
FN:18,(anonymous_4)
FNF:5
FNH:5
FNDA:4,(anonymous_0)
FNDA:5,(anonymous_1)
FNDA:17,(anonymous_2)
FNDA:3,(anonymous_3)
FNDA:3,(anonymous_4)
DA:5,1
DA:6,4
DA:9,1
DA:10,5
DA:12,17
DA:17,1
DA:18,3
LF:7
LH:7
BRF:0
BRH:0
end_of_record
