<?xml version="1.0" encoding="UTF-8"?>
<coverage generated="1777712770285" clover="3.2.0">
  <project timestamp="1777712770286" name="All files">
    <metrics statements="24" coveredstatements="24" conditionals="5" coveredconditionals="5" methods="7" coveredmethods="7" elements="36" coveredelements="36" complexity="0" loc="24" ncloc="24" packages="1" files="2" classes="2"/>
    <file name="useAsync.ts" path="C:\projects\frontend\rn-monorepo\packages\hooks\src\useAsync.ts">
      <metrics statements="16" coveredstatements="16" conditionals="4" coveredconditionals="4" methods="3" coveredmethods="3"/>
      <line num="1" count="1" type="stmt"/>
      <line num="12" count="1" type="cond" truecount="1" falsecount="0"/>
      <line num="13" count="35" type="stmt"/>
      <line num="19" count="35" type="stmt"/>
      <line num="20" count="18" type="stmt"/>
      <line num="21" count="18" type="stmt"/>
      <line num="22" count="18" type="stmt"/>
      <line num="23" count="13" type="stmt"/>
      <line num="24" count="13" type="stmt"/>
      <line num="26" count="5" type="cond" truecount="2" falsecount="0"/>
      <line num="27" count="5" type="stmt"/>
      <line num="28" count="5" type="stmt"/>
      <line num="32" count="35" type="stmt"/>
      <line num="33" count="16" type="cond" truecount="1" falsecount="0"/>
      <line num="34" count="4" type="stmt"/>
      <line num="38" count="35" type="stmt"/>
    </file>
    <file name="useDebounce.ts" path="C:\projects\frontend\rn-monorepo\packages\hooks\src\useDebounce.ts">
      <metrics statements="8" coveredstatements="8" conditionals="1" coveredconditionals="1" methods="4" coveredmethods="4"/>
      <line num="1" count="1" type="stmt"/>
      <line num="6" count="1" type="cond" truecount="1" falsecount="0"/>
      <line num="7" count="23" type="stmt"/>
      <line num="9" count="23" type="stmt"/>
      <line num="10" count="17" type="stmt"/>
      <line num="11" count="7" type="stmt"/>
      <line num="14" count="17" type="stmt"/>
      <line num="17" count="23" type="stmt"/>
    </file>
  </project>
</coverage>
