{"C:\\projects\\frontend\\rn-monorepo\\packages\\hooks\\src\\useAsync.ts": {"path":"C:\\projects\\frontend\\rn-monorepo\\packages\\hooks\\src\\useAsync.ts","statementMap":{"0":{"start":{"line":12,"column":0},"end":{"line":12,"column":16}},"1":{"start":{"line":1,"column":0},"end":{"line":1,"column":44}},"2":{"start":{"line":13,"column":28},"end":{"line":17,"column":4}},"3":{"start":{"line":19,"column":18},"end":{"line":30,"column":3}},"4":{"start":{"line":20,"column":4},"end":{"line":20,"column":61}},"5":{"start":{"line":21,"column":4},"end":{"line":29,"column":5}},"6":{"start":{"line":22,"column":23},"end":{"line":22,"column":44}},"7":{"start":{"line":23,"column":6},"end":{"line":23,"column":67}},"8":{"start":{"line":24,"column":6},"end":{"line":24,"column":22}},"9":{"start":{"line":26,"column":18},"end":{"line":26,"column":75}},"10":{"start":{"line":27,"column":6},"end":{"line":27,"column":60}},"11":{"start":{"line":28,"column":6},"end":{"line":28,"column":16}},"12":{"start":{"line":32,"column":2},"end":{"line":36,"column":18}},"13":{"start":{"line":33,"column":4},"end":{"line":35,"column":5}},"14":{"start":{"line":34,"column":6},"end":{"line":34,"column":16}},"15":{"start":{"line":38,"column":2},"end":{"line":38,"column":31}}},"fnMap":{"0":{"name":"useAsync","decl":{"start":{"line":12,"column":16},"end":{"line":12,"column":24}},"loc":{"start":{"line":12,"column":86},"end":{"line":39,"column":1}}},"1":{"name":"(anonymous_1)","decl":{"start":{"line":19,"column":18},"end":{"line":19,"column":23}},"loc":{"start":{"line":19,"column":29},"end":{"line":30,"column":3}}},"2":{"name":"(anonymous_2)","decl":{"start":{"line":32,"column":12},"end":{"line":32,"column":15}},"loc":{"start":{"line":32,"column":17},"end":{"line":36,"column":3}}}},"branchMap":{"0":{"loc":{"start":{"line":12,"column":61},"end":{"line":12,"column":86}},"type":"default-arg","locations":[{"start":{"line":12,"column":82},"end":{"line":12,"column":86}}]},"1":{"loc":{"start":{"line":26,"column":18},"end":{"line":26,"column":75}},"type":"cond-expr","locations":[{"start":{"line":26,"column":43},"end":{"line":26,"column":48}},{"start":{"line":26,"column":51},"end":{"line":26,"column":75}}]},"2":{"loc":{"start":{"line":33,"column":4},"end":{"line":35,"column":5}},"type":"if","locations":[{"start":{"line":33,"column":4},"end":{"line":35,"column":5}}]}},"s":{"0":1,"1":1,"2":35,"3":35,"4":18,"5":18,"6":18,"7":13,"8":13,"9":5,"10":5,"11":5,"12":35,"13":16,"14":4,"15":35},"f":{"0":35,"1":18,"2":16},"b":{"0":[2],"1":[3,2],"2":[4]}}
,"C:\\projects\\frontend\\rn-monorepo\\packages\\hooks\\src\\useDebounce.ts": {"path":"C:\\projects\\frontend\\rn-monorepo\\packages\\hooks\\src\\useDebounce.ts","statementMap":{"0":{"start":{"line":6,"column":0},"end":{"line":6,"column":16}},"1":{"start":{"line":1,"column":0},"end":{"line":1,"column":44}},"2":{"start":{"line":7,"column":46},"end":{"line":7,"column":64}},"3":{"start":{"line":9,"column":2},"end":{"line":15,"column":21}},"4":{"start":{"line":10,"column":20},"end":{"line":12,"column":13}},"5":{"start":{"line":11,"column":6},"end":{"line":11,"column":31}},"6":{"start":{"line":14,"column":4},"end":{"line":14,"column":39}},"7":{"start":{"line":14,"column":17},"end":{"line":14,"column":38}},"8":{"start":{"line":17,"column":2},"end":{"line":17,"column":24}}},"fnMap":{"0":{"name":"useDebounce","decl":{"start":{"line":6,"column":16},"end":{"line":6,"column":27}},"loc":{"start":{"line":6,"column":60},"end":{"line":18,"column":1}}},"1":{"name":"(anonymous_1)","decl":{"start":{"line":9,"column":12},"end":{"line":9,"column":15}},"loc":{"start":{"line":9,"column":17},"end":{"line":15,"column":3}}},"2":{"name":"(anonymous_2)","decl":{"start":{"line":10,"column":31},"end":{"line":10,"column":34}},"loc":{"start":{"line":10,"column":36},"end":{"line":12,"column":5}}},"3":{"name":"(anonymous_3)","decl":{"start":{"line":14,"column":11},"end":{"line":14,"column":14}},"loc":{"start":{"line":14,"column":17},"end":{"line":14,"column":38}}}},"branchMap":{"0":{"loc":{"start":{"line":6,"column":41},"end":{"line":6,"column":60}},"type":"default-arg","locations":[{"start":{"line":6,"column":57},"end":{"line":6,"column":60}}]}},"s":{"0":1,"1":1,"2":23,"3":23,"4":17,"5":7,"6":17,"7":17,"8":23},"f":{"0":23,"1":17,"2":7,"3":17},"b":{"0":[3]}}
}
