TN:
SF:src\useAsync.ts
FN:12,useAsync
FN:19,(anonymous_1)
FN:32,(anonymous_2)
FNF:3
FNH:3
FNDA:35,useAsync
FNDA:18,(anonymous_1)
FNDA:16,(anonymous_2)
DA:1,1
DA:12,1
DA:13,35
DA:19,35
DA:20,18
DA:21,18
DA:22,18
DA:23,13
DA:24,13
DA:26,5
DA:27,5
DA:28,5
DA:32,35
DA:33,16
DA:34,4
DA:38,35
LF:16
LH:16
BRDA:12,0,0,2
BRDA:26,1,0,3
BRDA:26,1,1,2
BRDA:33,2,0,4
BRF:4
BRH:4
end_of_record
TN:
SF:src\useDebounce.ts
FN:6,useDebounce
FN:9,(anonymous_1)
FN:10,(anonymous_2)
FN:14,(anonymous_3)
FNF:4
FNH:4
FNDA:23,useDebounce
FNDA:17,(anonymous_1)
FNDA:7,(anonymous_2)
FNDA:17,(anonymous_3)
DA:1,1
DA:6,1
DA:7,23
DA:9,23
DA:10,17
DA:11,7
DA:14,17
DA:17,23
LF:8
LH:8
BRDA:6,0,0,3
BRF:1
BRH:1
end_of_record
