{"C:\\projects\\frontend\\rn-monorepo\\packages\\storage\\src\\AsyncStorageManager.ts": {"path":"C:\\projects\\frontend\\rn-monorepo\\packages\\storage\\src\\AsyncStorageManager.ts","statementMap":{"0":{"start":{"line":1,"column":0},"end":{"line":1,"column":69}},"1":{"start":{"line":11,"column":4},"end":{"line":17,"column":5}},"2":{"start":{"line":12,"column":24},"end":{"line":12,"column":45}},"3":{"start":{"line":13,"column":6},"end":{"line":13,"column":49}},"4":{"start":{"line":15,"column":6},"end":{"line":15,"column":57}},"5":{"start":{"line":16,"column":6},"end":{"line":16,"column":18}},"6":{"start":{"line":24,"column":4},"end":{"line":30,"column":5}},"7":{"start":{"line":25,"column":19},"end":{"line":25,"column":50}},"8":{"start":{"line":26,"column":6},"end":{"line":26,"column":44}},"9":{"start":{"line":28,"column":6},"end":{"line":28,"column":57}},"10":{"start":{"line":29,"column":6},"end":{"line":29,"column":18}},"11":{"start":{"line":37,"column":4},"end":{"line":42,"column":5}},"12":{"start":{"line":38,"column":6},"end":{"line":38,"column":41}},"13":{"start":{"line":40,"column":6},"end":{"line":40,"column":58}},"14":{"start":{"line":41,"column":6},"end":{"line":41,"column":18}},"15":{"start":{"line":49,"column":4},"end":{"line":54,"column":5}},"16":{"start":{"line":50,"column":6},"end":{"line":50,"column":33}},"17":{"start":{"line":52,"column":6},"end":{"line":52,"column":54}},"18":{"start":{"line":53,"column":6},"end":{"line":53,"column":18}},"19":{"start":{"line":61,"column":4},"end":{"line":67,"column":5}},"20":{"start":{"line":62,"column":19},"end":{"line":62,"column":50}},"21":{"start":{"line":63,"column":6},"end":{"line":63,"column":30}},"22":{"start":{"line":65,"column":6},"end":{"line":65,"column":54}},"23":{"start":{"line":66,"column":6},"end":{"line":66,"column":18}},"24":{"start":{"line":74,"column":4},"end":{"line":84,"column":5}},"25":{"start":{"line":75,"column":20},"end":{"line":75,"column":53}},"26":{"start":{"line":76,"column":47},"end":{"line":76,"column":49}},"27":{"start":{"line":77,"column":6},"end":{"line":79,"column":9}},"28":{"start":{"line":78,"column":8},"end":{"line":78,"column":55}},"29":{"start":{"line":80,"column":6},"end":{"line":80,"column":20}},"30":{"start":{"line":82,"column":6},"end":{"line":82,"column":60}},"31":{"start":{"line":83,"column":6},"end":{"line":83,"column":18}},"32":{"start":{"line":6,"column":0},"end":{"line":6,"column":13}}},"fnMap":{"0":{"name":"(anonymous_1)","decl":{"start":{"line":10,"column":2},"end":{"line":10,"column":8}},"loc":{"start":{"line":10,"column":47},"end":{"line":18,"column":3}}},"1":{"name":"(anonymous_2)","decl":{"start":{"line":23,"column":2},"end":{"line":23,"column":8}},"loc":{"start":{"line":23,"column":37},"end":{"line":31,"column":3}}},"2":{"name":"(anonymous_3)","decl":{"start":{"line":36,"column":2},"end":{"line":36,"column":8}},"loc":{"start":{"line":36,"column":37},"end":{"line":43,"column":3}}},"3":{"name":"(anonymous_4)","decl":{"start":{"line":48,"column":2},"end":{"line":48,"column":8}},"loc":{"start":{"line":48,"column":20},"end":{"line":55,"column":3}}},"4":{"name":"(anonymous_5)","decl":{"start":{"line":60,"column":2},"end":{"line":60,"column":8}},"loc":{"start":{"line":60,"column":25},"end":{"line":68,"column":3}}},"5":{"name":"(anonymous_6)","decl":{"start":{"line":73,"column":2},"end":{"line":73,"column":8}},"loc":{"start":{"line":73,"column":41},"end":{"line":85,"column":3}}},"6":{"name":"(anonymous_7)","decl":{"start":{"line":77,"column":20},"end":{"line":77,"column":21}},"loc":{"start":{"line":77,"column":37},"end":{"line":79,"column":7}}}},"branchMap":{"0":{"loc":{"start":{"line":26,"column":13},"end":{"line":26,"column":43}},"type":"cond-expr","locations":[{"start":{"line":26,"column":20},"end":{"line":26,"column":36}},{"start":{"line":26,"column":39},"end":{"line":26,"column":43}}]},"1":{"loc":{"start":{"line":78,"column":22},"end":{"line":78,"column":54}},"type":"cond-expr","locations":[{"start":{"line":78,"column":30},"end":{"line":78,"column":47}},{"start":{"line":78,"column":50},"end":{"line":78,"column":54}}]}},"s":{"0":1,"1":3,"2":3,"3":3,"4":1,"5":1,"6":4,"7":4,"8":3,"9":1,"10":1,"11":2,"12":2,"13":1,"14":1,"15":2,"16":2,"17":1,"18":1,"19":3,"20":3,"21":2,"22":1,"23":1,"24":3,"25":3,"26":2,"27":2,"28":4,"29":2,"30":1,"31":1,"32":1},"f":{"0":3,"1":4,"2":2,"3":2,"4":3,"5":3,"6":4},"b":{"0":[2,1],"1":[3,1]}}
}
