TN:
SF:src\AsyncStorageManager.ts
FN:10,(anonymous_1)
FN:23,(anonymous_2)
FN:36,(anonymous_3)
FN:48,(anonymous_4)
FN:60,(anonymous_5)
FN:73,(anonymous_6)
FN:77,(anonymous_7)
FNF:7
FNH:7
FNDA:3,(anonymous_1)
FNDA:4,(anonymous_2)
FNDA:2,(anonymous_3)
FNDA:2,(anonymous_4)
FNDA:3,(anonymous_5)
FNDA:3,(anonymous_6)
FNDA:4,(anonymous_7)
DA:1,1
DA:6,1
DA:11,3
DA:12,3
DA:13,3
DA:15,1
DA:16,1
DA:24,4
DA:25,4
DA:26,3
DA:28,1
DA:29,1
DA:37,2
DA:38,2
DA:40,1
DA:41,1
DA:49,2
DA:50,2
DA:52,1
DA:53,1
DA:61,3
DA:62,3
DA:63,2
DA:65,1
DA:66,1
DA:74,3
DA:75,3
DA:76,2
DA:77,2
DA:78,4
DA:80,2
DA:82,1
DA:83,1
LF:33
LH:33
BRDA:26,0,0,2
BRDA:26,0,1,1
BRDA:78,1,0,3
BRDA:78,1,1,1
BRF:4
BRH:4
end_of_record
